Determining if the pthread_create exist failed with the following output:
Change Dir: /home/choisol/catkin_ws/build/CMakeFiles/CMakeTmp

Run Build Command:"/usr/bin/make" "cmTC_0662a/fast"
/usr/bin/make -f CMakeFiles/cmTC_0662a.dir/build.make CMakeFiles/cmTC_0662a.dir/build
make[1]: 디렉터리 '/home/choisol/catkin_ws/build/CMakeFiles/CMakeTmp' 들어감
Building C object CMakeFiles/cmTC_0662a.dir/CheckSymbolExists.c.o
/usr/bin/cc    -o CMakeFiles/cmTC_0662a.dir/CheckSymbolExists.c.o   -c /home/choisol/catkin_ws/build/CMakeFiles/CMakeTmp/CheckSymbolExists.c
Linking C executable cmTC_0662a
/usr/bin/cmake -E cmake_link_script CMakeFiles/cmTC_0662a.dir/link.txt --verbose=1
/usr/bin/cc      -rdynamic CMakeFiles/cmTC_0662a.dir/CheckSymbolExists.c.o  -o cmTC_0662a 
CMakeFiles/cmTC_0662a.dir/CheckSymbolExists.c.o: In function `main':
CheckSymbolExists.c:(.text+0x1b): undefined reference to `pthread_create'
collect2: error: ld returned 1 exit status
CMakeFiles/cmTC_0662a.dir/build.make:97: recipe for target 'cmTC_0662a' failed
make[1]: *** [cmTC_0662a] Error 1
make[1]: 디렉터리 '/home/choisol/catkin_ws/build/CMakeFiles/CMakeTmp' 나감
Makefile:126: recipe for target 'cmTC_0662a/fast' failed
make: *** [cmTC_0662a/fast] Error 2

File /home/choisol/catkin_ws/build/CMakeFiles/CMakeTmp/CheckSymbolExists.c:
/* */
#include <pthread.h>

int main(int argc, char** argv)
{
  (void)argv;
#ifndef pthread_create
  return ((int*)(&pthread_create))[argc];
#else
  (void)argc;
  return 0;
#endif
}

Determining if the function pthread_create exists in the pthreads failed with the following output:
Change Dir: /home/choisol/catkin_ws/build/CMakeFiles/CMakeTmp

Run Build Command:"/usr/bin/make" "cmTC_96d43/fast"
/usr/bin/make -f CMakeFiles/cmTC_96d43.dir/build.make CMakeFiles/cmTC_96d43.dir/build
make[1]: 디렉터리 '/home/choisol/catkin_ws/build/CMakeFiles/CMakeTmp' 들어감
Building C object CMakeFiles/cmTC_96d43.dir/CheckFunctionExists.c.o
/usr/bin/cc   -DCHECK_FUNCTION_EXISTS=pthread_create   -o CMakeFiles/cmTC_96d43.dir/CheckFunctionExists.c.o   -c /usr/share/cmake-3.10/Modules/CheckFunctionExists.c
Linking C executable cmTC_96d43
/usr/bin/cmake -E cmake_link_script CMakeFiles/cmTC_96d43.dir/link.txt --verbose=1
/usr/bin/cc  -DCHECK_FUNCTION_EXISTS=pthread_create    -rdynamic CMakeFiles/cmTC_96d43.dir/CheckFunctionExists.c.o  -o cmTC_96d43 -lpthreads 
/usr/bin/ld: cannot find -lpthreads
collect2: error: ld returned 1 exit status
CMakeFiles/cmTC_96d43.dir/build.make:97: recipe for target 'cmTC_96d43' failed
make[1]: *** [cmTC_96d43] Error 1
make[1]: 디렉터리 '/home/choisol/catkin_ws/build/CMakeFiles/CMakeTmp' 나감
Makefile:126: recipe for target 'cmTC_96d43/fast' failed
make: *** [cmTC_96d43/fast] Error 2


